Using pre-set license
Built from '2020.3/staging' branch; Version is '2020.3.18f1 (a7d1c678663c) revision 10998214'; Using compiler version '192528614'; Build Type 'Release'
OS: 'Windows 10 Enterprise; OS build 18363.2274; Version 1909; 64bit' Language: 'es' Physical Memory: 32565 MB
BatchMode: 1, IsHumanControllingUs: 0, StartBugReporterOnCrash: 0, Is64bit: 1, IsPro: 0

COMMAND LINE ARGUMENTS:
C:\Program Files\Unity\Hub\Editor\2020.3.18f1\Editor\Unity.exe
-adb2
-batchMode
-noUpm
-name
AssetImportWorker0
-projectPath
D:/Samid Q. - 2449434/ZombieRuun/ZombieRun2
-logFile
Logs/AssetImportWorker0.log
-srvPort
55529
Successfully changed project path to: D:/Samid Q. - 2449434/ZombieRuun/ZombieRun2
D:/Samid Q. - 2449434/ZombieRuun/ZombieRun2
Using Asset Import Pipeline V2.
Refreshing native plugins compatible for Editor in 47.24 ms, found 3 plugins.
Preloading 0 native plugins for Editor in 0.00 ms.
Initialize engine version: 2020.3.18f1 (a7d1c678663c)
[Subsystems] Discovering subsystems at path C:/Program Files/Unity/Hub/Editor/2020.3.18f1/Editor/Data/Resources/UnitySubsystems
[Subsystems] Discovering subsystems at path D:/Samid Q. - 2449434/ZombieRuun/ZombieRun2/Assets
GfxDevice: creating device client; threaded=0
Direct3D:
    Version:  Direct3D 11.0 [level 11.1]
    Renderer: Intel(R) UHD Graphics 630 (ID=0x3e98)
    Vendor:   
    VRAM:     16282 MB
    Driver:   27.20.100.8190
Initialize mono
Mono path[0] = 'C:/Program Files/Unity/Hub/Editor/2020.3.18f1/Editor/Data/Managed'
Mono path[1] = 'C:/Program Files/Unity/Hub/Editor/2020.3.18f1/Editor/Data/MonoBleedingEdge/lib/mono/unityjit'
Mono config path = 'C:/Program Files/Unity/Hub/Editor/2020.3.18f1/Editor/Data/MonoBleedingEdge/etc'
Using monoOptions --debugger-agent=transport=dt_socket,embedding=1,server=y,suspend=n,address=127.0.0.1:56296
Begin MonoManager ReloadAssembly
Registering precompiled unity dll's ...
Register platform support module: C:/Program Files/Unity/Hub/Editor/2020.3.18f1/Editor/Data/PlaybackEngines/WindowsStandaloneSupport/UnityEditor.WindowsStandalone.Extensions.dll
Registered in 0.004528 seconds.
Native extension for WindowsStandalone target not found
Refreshing native plugins compatible for Editor in 33.69 ms, found 3 plugins.
Preloading 0 native plugins for Editor in 0.00 ms.
Mono: successfully reloaded assembly
- Completed reload, in  3.026 seconds
Domain Reload Profiling:
	ReloadAssembly (3026ms)
		BeginReloadAssembly (260ms)
			ExecutionOrderSort (0ms)
			DisableScriptedObjects (0ms)
			BackupInstance (0ms)
			ReleaseScriptingObjects (0ms)
			CreateAndSetChildDomain (1ms)
		EndReloadAssembly (366ms)
			LoadAssemblies (258ms)
			RebuildTransferFunctionScriptingTraits (0ms)
			SetupTypeCache (140ms)
			ReleaseScriptCaches (0ms)
			RebuildScriptCaches (27ms)
			SetupLoadedEditorAssemblies (138ms)
				LogAssemblyErrors (0ms)
				InitializePlatformSupportModulesInManaged (3ms)
				SetLoadedEditorAssemblies (0ms)
				RefreshPlugins (34ms)
				BeforeProcessingInitializeOnLoad (15ms)
				ProcessInitializeOnLoadAttributes (61ms)
				ProcessInitializeOnLoadMethodAttributes (24ms)
				AfterProcessingInitializeOnLoad (0ms)
				EditorAssembliesLoaded (0ms)
			ExecutionOrderSort2 (0ms)
			AwakeInstancesAfterBackupRestoration (0ms)
Platform modules already initialized, skipping
Registering precompiled user dll's ...
Registered in 0.016764 seconds.
Begin MonoManager ReloadAssembly
Native extension for WindowsStandalone target not found
Refreshing native plugins compatible for Editor in 33.89 ms, found 3 plugins.
Preloading 0 native plugins for Editor in 0.00 ms.
Mono: successfully reloaded assembly
- Completed reload, in  1.230 seconds
Domain Reload Profiling:
	ReloadAssembly (1231ms)
		BeginReloadAssembly (332ms)
			ExecutionOrderSort (0ms)
			DisableScriptedObjects (4ms)
			BackupInstance (0ms)
			ReleaseScriptingObjects (0ms)
			CreateAndSetChildDomain (15ms)
		EndReloadAssembly (844ms)
			LoadAssemblies (306ms)
			RebuildTransferFunctionScriptingTraits (0ms)
			SetupTypeCache (293ms)
			ReleaseScriptCaches (0ms)
			RebuildScriptCaches (40ms)
			SetupLoadedEditorAssemblies (314ms)
				LogAssemblyErrors (0ms)
				InitializePlatformSupportModulesInManaged (3ms)
				SetLoadedEditorAssemblies (0ms)
				RefreshPlugins (34ms)
				BeforeProcessingInitializeOnLoad (68ms)
				ProcessInitializeOnLoadAttributes (184ms)
				ProcessInitializeOnLoadMethodAttributes (18ms)
				AfterProcessingInitializeOnLoad (7ms)
				EditorAssembliesLoaded (0ms)
			ExecutionOrderSort2 (0ms)
			AwakeInstancesAfterBackupRestoration (6ms)
Platform modules already initialized, skipping
========================================================================
Worker process is ready to serve import requests
Launched and connected shader compiler UnityShaderCompiler.exe after 0.29 seconds
Refreshing native plugins compatible for Editor in 0.38 ms, found 3 plugins.
Preloading 0 native plugins for Editor in 0.00 ms.
Unloading 2108 Unused Serialized files (Serialized files now loaded: 0)
System memory in use before: 95.4 MB.
System memory in use after: 95.5 MB.

Unloading 26 unused Assets to reduce memory usage. Loaded Objects now: 2548.
Total: 2.741700 ms (FindLiveObjects: 0.143200 ms CreateObjectMapping: 0.054200 ms MarkObjects: 2.408800 ms  DeleteObjects: 0.134600 ms)

AssetImportParameters requested are different than current active one (requested -> active):
  custom:framework-win-MediaFoundation: 216162199b28c13a410421893ffa2e32 -> 
  custom:video-decoder-ogg-theora: a1e56fd34408186e4bbccfd4996cb3dc -> 
  custom:container-muxer-webm: aa71ff27fc2769a1b78a27578f13a17b -> 
  custom:container-demuxer-webm: 4f35f7cbe854078d1ac9338744f61a02 -> 
  custom:container-demuxer-ogg: 62fdf1f143b41e24485cea50d1cbac27 -> 
  custom:video-encoder-webm-vp8: eb34c28f22e8b96e1ab97ce403110664 -> 
  custom:video-decoder-webm-vp8: 9c59270c3fd7afecdb556c50c9e8de78 -> 
  custom:audio-decoder-ogg-vorbis: bf7c407c2cedff20999df2af8eb42d56 -> 
  custom:audio-encoder-webm-vorbis: bf7c407c2cedff20999df2af8eb42d56 -> 
========================================================================
Received Import Request.
  path: Assets/diseños/47bf5274ee3971c4285df3071b038139--game-boy-pixel-art.jpg
  artifactKey: Guid(96479460cae66434d8bdb491579791ac) Importer(815301076,1909f56bfc062723c751e8b465ee728b)
Start importing Assets/diseños/47bf5274ee3971c4285df3071b038139--game-boy-pixel-art.jpg using Guid(96479460cae66434d8bdb491579791ac) Importer(815301076,1909f56bfc062723c751e8b465ee728b)  -> (artifact id: 'cc6bbd41ba8a91f38ccad9f0cc1bff14') in 0.188926 seconds 
  Import took 0.191558 seconds .

========================================================================
Received Import Request.
  Time since last request: 0.000414 seconds.
  path: Assets/diseños/el-arte-perdido-fondos-pixelados-2d-L-XMgysM.jpeg
  artifactKey: Guid(01604b8d49fec6249a56553e58621e83) Importer(815301076,1909f56bfc062723c751e8b465ee728b)
Start importing Assets/diseños/el-arte-perdido-fondos-pixelados-2d-L-XMgysM.jpeg using Guid(01604b8d49fec6249a56553e58621e83) Importer(815301076,1909f56bfc062723c751e8b465ee728b)  -> (artifact id: '532c7bb4d252281dbeb830764f2a347c') in 0.021199 seconds 
  Import took 0.024106 seconds .

========================================================================
Received Import Request.
  Time since last request: 0.001032 seconds.
  path: Assets/diseños/el-arte-perdido-fondos-pixelados-2d-L-XMgysM.jpeg
  artifactKey: Guid(01604b8d49fec6249a56553e58621e83) Importer(815301076,1909f56bfc062723c751e8b465ee728b)
Start importing Assets/diseños/el-arte-perdido-fondos-pixelados-2d-L-XMgysM.jpeg using Guid(01604b8d49fec6249a56553e58621e83) Importer(815301076,1909f56bfc062723c751e8b465ee728b)  -> (artifact id: '532c7bb4d252281dbeb830764f2a347c') in 0.012515 seconds 
  Import took 0.016498 seconds .

========================================================================
Received Import Request.
  Time since last request: 270.883863 seconds.
  path: Assets/diseños/SimplePixelArtUIpack
  artifactKey: Guid(9dabbe1bfb914f449a673bc5a5c81a80) Importer(815301076,1909f56bfc062723c751e8b465ee728b)
Start importing Assets/diseños/SimplePixelArtUIpack using Guid(9dabbe1bfb914f449a673bc5a5c81a80) Importer(815301076,1909f56bfc062723c751e8b465ee728b)  -> (artifact id: 'bb84ec48aabe8a53dfbf2dba5c733482') in 0.005804 seconds 
  Import took 0.009135 seconds .

========================================================================
Received Import Request.
  Time since last request: 1.453905 seconds.
  path: Assets/diseños/SimplePixelArtUIpack/Artwork
  artifactKey: Guid(46f2f56f637b58341a3fb284389f58f6) Importer(815301076,1909f56bfc062723c751e8b465ee728b)
Start importing Assets/diseños/SimplePixelArtUIpack/Artwork using Guid(46f2f56f637b58341a3fb284389f58f6) Importer(815301076,1909f56bfc062723c751e8b465ee728b)  -> (artifact id: '1238b6f5f0b8f3ec8f3dd8976b2fe19f') in 0.004632 seconds 
  Import took 0.008138 seconds .

========================================================================
Received Import Request.
  Time since last request: 1.059349 seconds.
  path: Assets/diseños/SimplePixelArtUIpack/Artwork/ColorCustomizible
  artifactKey: Guid(907d4e1a1c30b6745af2977c5ad4d9f3) Importer(815301076,1909f56bfc062723c751e8b465ee728b)
Start importing Assets/diseños/SimplePixelArtUIpack/Artwork/ColorCustomizible using Guid(907d4e1a1c30b6745af2977c5ad4d9f3) Importer(815301076,1909f56bfc062723c751e8b465ee728b)  -> (artifact id: 'f9616f914c2c4f173be4b3a150c9d244') in 0.003959 seconds 
  Import took 0.006717 seconds .

========================================================================
Received Import Request.
  Time since last request: 1.300062 seconds.
  path: Assets/diseños/SimplePixelArtUIpack/Artwork/ColorCustomizible/icons
  artifactKey: Guid(57ca7ce2907d5724f9f2e6cf63a9c77f) Importer(815301076,1909f56bfc062723c751e8b465ee728b)
Start importing Assets/diseños/SimplePixelArtUIpack/Artwork/ColorCustomizible/icons using Guid(57ca7ce2907d5724f9f2e6cf63a9c77f) Importer(815301076,1909f56bfc062723c751e8b465ee728b)  -> (artifact id: '6ed8bcd7970fe7d490c2d510a9a1fe44') in 0.004433 seconds 
  Import took 0.007284 seconds .

========================================================================
Received Import Request.
  Time since last request: 0.097943 seconds.
  path: Assets/diseños/SimplePixelArtUIpack/Artwork/ColorCustomizible/icons/isonswhite2.png
  artifactKey: Guid(538959ad1ebbdce4f9ef4dfaff518e5f) Importer(815301076,1909f56bfc062723c751e8b465ee728b)
Start importing Assets/diseños/SimplePixelArtUIpack/Artwork/ColorCustomizible/icons/isonswhite2.png using Guid(538959ad1ebbdce4f9ef4dfaff518e5f) Importer(815301076,1909f56bfc062723c751e8b465ee728b)  -> (artifact id: '098344242eb7ba12f3eb69473a35a950') in 0.017545 seconds 
  Import took 0.020230 seconds .

========================================================================
Received Import Request.
  Time since last request: 0.000369 seconds.
  path: Assets/diseños/SimplePixelArtUIpack/Artwork/ColorCustomizible/icons/lockedwhite.png
  artifactKey: Guid(d72e75ecd28b1de489b4b7a8e38e7813) Importer(815301076,1909f56bfc062723c751e8b465ee728b)
Start importing Assets/diseños/SimplePixelArtUIpack/Artwork/ColorCustomizible/icons/lockedwhite.png using Guid(d72e75ecd28b1de489b4b7a8e38e7813) Importer(815301076,1909f56bfc062723c751e8b465ee728b)  -> (artifact id: '4f1c0b81156100af451308ca7b3d8eba') in 0.014508 seconds 
  Import took 0.017020 seconds .

========================================================================
Received Import Request.
  Time since last request: 0.001014 seconds.
  path: Assets/diseños/SimplePixelArtUIpack/Artwork/ColorCustomizible/icons/lockedwhite.png
  artifactKey: Guid(d72e75ecd28b1de489b4b7a8e38e7813) Importer(815301076,1909f56bfc062723c751e8b465ee728b)
Start importing Assets/diseños/SimplePixelArtUIpack/Artwork/ColorCustomizible/icons/lockedwhite.png using Guid(d72e75ecd28b1de489b4b7a8e38e7813) Importer(815301076,1909f56bfc062723c751e8b465ee728b)  -> (artifact id: '4f1c0b81156100af451308ca7b3d8eba') in 0.011511 seconds 
  Import took 0.014438 seconds .

========================================================================
Received Import Request.
  Time since last request: 11.148719 seconds.
  path: Assets/diseños/SimplePixelArtUIpack/Artwork/ColorCustomizible/rounded/Background_CC_rounded.png
  artifactKey: Guid(ccbcefc427724784fbea6f210344c680) Importer(815301076,1909f56bfc062723c751e8b465ee728b)
Start importing Assets/diseños/SimplePixelArtUIpack/Artwork/ColorCustomizible/rounded/Background_CC_rounded.png using Guid(ccbcefc427724784fbea6f210344c680) Importer(815301076,1909f56bfc062723c751e8b465ee728b)  -> (artifact id: '045a20e9da62ee1ce2d1333e41a2ca59') in 0.013200 seconds 
  Import took 0.016359 seconds .

========================================================================
Received Import Request.
  Time since last request: 0.000361 seconds.
  path: Assets/diseños/SimplePixelArtUIpack/Artwork/ColorCustomizible/rounded/border_Rounded_CC.png
  artifactKey: Guid(6bf44619f6d71474bbfa36350c52072e) Importer(815301076,1909f56bfc062723c751e8b465ee728b)
Start importing Assets/diseños/SimplePixelArtUIpack/Artwork/ColorCustomizible/rounded/border_Rounded_CC.png using Guid(6bf44619f6d71474bbfa36350c52072e) Importer(815301076,1909f56bfc062723c751e8b465ee728b)  -> (artifact id: '9499cb3d7d9498909da3601f2507ed33') in 0.014205 seconds 
  Import took 0.017729 seconds .

========================================================================
Received Import Request.
  Time since last request: 0.000615 seconds.
  path: Assets/diseños/SimplePixelArtUIpack/Artwork/ColorCustomizible/rounded/bar_rounded_CC_Vertical.png
  artifactKey: Guid(287e488b419416045be817ba5fa489b6) Importer(815301076,1909f56bfc062723c751e8b465ee728b)
Start importing Assets/diseños/SimplePixelArtUIpack/Artwork/ColorCustomizible/rounded/bar_rounded_CC_Vertical.png using Guid(287e488b419416045be817ba5fa489b6) Importer(815301076,1909f56bfc062723c751e8b465ee728b)  -> (artifact id: 'd17e591d969b38386e791b83ba4c483e') in 0.016940 seconds 
  Import took 0.021095 seconds .

========================================================================
Received Import Request.
  Time since last request: 0.000430 seconds.
  path: Assets/diseños/SimplePixelArtUIpack/Artwork/ColorCustomizible/rounded/bar_rounded_CC_horizontal.png
  artifactKey: Guid(2bf0926311abb084a9d0adee89ab9a67) Importer(815301076,1909f56bfc062723c751e8b465ee728b)
Start importing Assets/diseños/SimplePixelArtUIpack/Artwork/ColorCustomizible/rounded/bar_rounded_CC_horizontal.png using Guid(2bf0926311abb084a9d0adee89ab9a67) Importer(815301076,1909f56bfc062723c751e8b465ee728b)  -> (artifact id: 'a858e4aaf30dbf1c56dd3d8bf7cb72d4') in 0.014638 seconds 
  Import took 0.017987 seconds .

========================================================================
Received Import Request.
  Time since last request: 0.000385 seconds.
  path: Assets/diseños/SimplePixelArtUIpack/Artwork/ColorCustomizible/rounded/Slot_rounded_CC.png
  artifactKey: Guid(76fe66dda8f9f854e84479e7a79e30f6) Importer(815301076,1909f56bfc062723c751e8b465ee728b)
Start importing Assets/diseños/SimplePixelArtUIpack/Artwork/ColorCustomizible/rounded/Slot_rounded_CC.png using Guid(76fe66dda8f9f854e84479e7a79e30f6) Importer(815301076,1909f56bfc062723c751e8b465ee728b)  -> (artifact id: '0bf5ca8a9cb7729944fea5243899ff09') in 0.015133 seconds 
  Import took 0.017937 seconds .

========================================================================
Received Import Request.
  Time since last request: 0.000364 seconds.
  path: Assets/diseños/SimplePixelArtUIpack/Artwork/ColorCustomizible/rounded/Slot3D_rounded_CC.png
  artifactKey: Guid(ed72cf874ac783b49aa67945a96d28db) Importer(815301076,1909f56bfc062723c751e8b465ee728b)
Start importing Assets/diseños/SimplePixelArtUIpack/Artwork/ColorCustomizible/rounded/Slot3D_rounded_CC.png using Guid(ed72cf874ac783b49aa67945a96d28db) Importer(815301076,1909f56bfc062723c751e8b465ee728b)  -> (artifact id: '3ea076c4b97f06e2925d626502b52e50') in 0.012854 seconds 
  Import took 0.015644 seconds .

========================================================================
Received Import Request.
  Time since last request: 0.000420 seconds.
  path: Assets/diseños/SimplePixelArtUIpack/Artwork/ColorCustomizible/rounded/InputField_CC.png
  artifactKey: Guid(0aef00de6619a994ea045df5f56cc02e) Importer(815301076,1909f56bfc062723c751e8b465ee728b)
Start importing Assets/diseños/SimplePixelArtUIpack/Artwork/ColorCustomizible/rounded/InputField_CC.png using Guid(0aef00de6619a994ea045df5f56cc02e) Importer(815301076,1909f56bfc062723c751e8b465ee728b)  -> (artifact id: '0ebde8f52b51da17261f64b05ca93e4d') in 0.013407 seconds 
  Import took 0.016543 seconds .

========================================================================
Received Import Request.
  Time since last request: 53.422847 seconds.
  path: Assets/diseños/SimplePixelArtUIpack/Artwork/ColorCustomizible/rounded/buttons
  artifactKey: Guid(fcf375c287ba2df4fa974109fb8781ec) Importer(815301076,1909f56bfc062723c751e8b465ee728b)
Start importing Assets/diseños/SimplePixelArtUIpack/Artwork/ColorCustomizible/rounded/buttons using Guid(fcf375c287ba2df4fa974109fb8781ec) Importer(815301076,1909f56bfc062723c751e8b465ee728b)  -> (artifact id: '25edd2bd413a7b8d5e0189321aa687fd') in 0.005390 seconds 
  Import took 0.008096 seconds .

========================================================================
Received Import Request.
  Time since last request: 0.063359 seconds.
  path: Assets/diseños/SimplePixelArtUIpack/Artwork/ColorCustomizible/rounded/buttons/button2_rounded_CC.png
  artifactKey: Guid(88a0507bf0d87974f9d3dbc87ac78a77) Importer(815301076,1909f56bfc062723c751e8b465ee728b)
Start importing Assets/diseños/SimplePixelArtUIpack/Artwork/ColorCustomizible/rounded/buttons/button2_rounded_CC.png using Guid(88a0507bf0d87974f9d3dbc87ac78a77) Importer(815301076,1909f56bfc062723c751e8b465ee728b)  -> (artifact id: '609b77d62afb974733e42d4b96b6e536') in 0.014924 seconds 
  Import took 0.017759 seconds .

========================================================================
Received Import Request.
  Time since last request: 0.000364 seconds.
  path: Assets/diseños/SimplePixelArtUIpack/Artwork/ColorCustomizible/rounded/buttons/button_rounded_CC.png
  artifactKey: Guid(00e44b6b0066098468232fbbf417c938) Importer(815301076,1909f56bfc062723c751e8b465ee728b)
Start importing Assets/diseños/SimplePixelArtUIpack/Artwork/ColorCustomizible/rounded/buttons/button_rounded_CC.png using Guid(00e44b6b0066098468232fbbf417c938) Importer(815301076,1909f56bfc062723c751e8b465ee728b)  -> (artifact id: 'd1d189005c26aca74259793ae66553a3') in 0.014061 seconds 
  Import took 0.016633 seconds .

========================================================================
Received Import Request.
  Time since last request: 0.004246 seconds.
  path: Assets/diseños/SimplePixelArtUIpack/Artwork/ColorCustomizible/rounded/buttons/button_rounded_CC.png
  artifactKey: Guid(00e44b6b0066098468232fbbf417c938) Importer(815301076,1909f56bfc062723c751e8b465ee728b)
Start importing Assets/diseños/SimplePixelArtUIpack/Artwork/ColorCustomizible/rounded/buttons/button_rounded_CC.png using Guid(00e44b6b0066098468232fbbf417c938) Importer(815301076,1909f56bfc062723c751e8b465ee728b)  -> (artifact id: 'd1d189005c26aca74259793ae66553a3') in 0.012696 seconds 
  Import took 0.015839 seconds .

========================================================================
Received Import Request.
  Time since last request: 625.843069 seconds.
  path: Assets/diseños/SimplePixelArtUIpack/Artwork/ColorCustomizible/rounded/buttons/button2_rounded_CC.png
  artifactKey: Guid(88a0507bf0d87974f9d3dbc87ac78a77) Importer(815301076,1909f56bfc062723c751e8b465ee728b)
Start importing Assets/diseños/SimplePixelArtUIpack/Artwork/ColorCustomizible/rounded/buttons/button2_rounded_CC.png using Guid(88a0507bf0d87974f9d3dbc87ac78a77) Importer(815301076,1909f56bfc062723c751e8b465ee728b)  -> (artifact id: '939c59dde3c5b032936e17fef2703a1b') in 0.014561 seconds 
  Import took 0.017925 seconds .

========================================================================
Received Import Request.
  Time since last request: 21.239219 seconds.
  path: Assets/diseños/SimplePixelArtUIpack/Artwork/ColorCustomizible/rounded/buttons/button_rounded_CC.png
  artifactKey: Guid(00e44b6b0066098468232fbbf417c938) Importer(815301076,1909f56bfc062723c751e8b465ee728b)
Start importing Assets/diseños/SimplePixelArtUIpack/Artwork/ColorCustomizible/rounded/buttons/button_rounded_CC.png using Guid(00e44b6b0066098468232fbbf417c938) Importer(815301076,1909f56bfc062723c751e8b465ee728b)  -> (artifact id: '7ab30582cd2d7275f9c4880d43cf42f4') in 0.010590 seconds 
  Import took 0.013961 seconds .

========================================================================
Received Import Request.
  Time since last request: 546.891753 seconds.
  path: Assets/Scenes/mainMenu.unity
  artifactKey: Guid(bc9d714873ea0f24285a59b91e286265) Importer(815301076,1909f56bfc062723c751e8b465ee728b)
Start importing Assets/Scenes/mainMenu.unity using Guid(bc9d714873ea0f24285a59b91e286265) Importer(815301076,1909f56bfc062723c751e8b465ee728b)  -> (artifact id: 'f3da4a9c63293a5779bb81d19fc96123') in 0.006950 seconds 
  Import took 0.010321 seconds .

========================================================================
Received Import Request.
  Time since last request: 0.958030 seconds.
  path: Assets/Scenes/GameOver.unity
  artifactKey: Guid(6f85f6de6690203499a7e1787df67d48) Importer(815301076,1909f56bfc062723c751e8b465ee728b)
Start importing Assets/Scenes/GameOver.unity using Guid(6f85f6de6690203499a7e1787df67d48) Importer(815301076,1909f56bfc062723c751e8b465ee728b)  -> (artifact id: '46aeb5493f8c3e41eef59b7535bcf589') in 0.004334 seconds 
  Import took 0.007349 seconds .

========================================================================
Received Import Request.
  Time since last request: 22.198545 seconds.
  path: Assets/Scenes/Options.unity
  artifactKey: Guid(29c3094b47f71654c9467f74f7e09ae9) Importer(815301076,1909f56bfc062723c751e8b465ee728b)
Start importing Assets/Scenes/Options.unity using Guid(29c3094b47f71654c9467f74f7e09ae9) Importer(815301076,1909f56bfc062723c751e8b465ee728b)  -> (artifact id: '3467212043f5d9d95203e59e6347a9ff') in 0.004196 seconds 
  Import took 0.007337 seconds .

========================================================================
Received Import Request.
  Time since last request: 0.001920 seconds.
  path: Assets/Scenes/Options.unity
  artifactKey: Guid(29c3094b47f71654c9467f74f7e09ae9) Importer(815301076,1909f56bfc062723c751e8b465ee728b)
Start importing Assets/Scenes/Options.unity using Guid(29c3094b47f71654c9467f74f7e09ae9) Importer(815301076,1909f56bfc062723c751e8b465ee728b)  -> (artifact id: '3467212043f5d9d95203e59e6347a9ff') in 0.003077 seconds 
  Import took 0.006052 seconds .

========================================================================
Received Import Request.
  Time since last request: 264.788344 seconds.
  path: Assets/diseños/SimplePixelArtUIpack/Artwork/ColorCustomizible/rounded
  artifactKey: Guid(6ce338854cf02554cb0372ad09e403b5) Importer(815301076,1909f56bfc062723c751e8b465ee728b)
Start importing Assets/diseños/SimplePixelArtUIpack/Artwork/ColorCustomizible/rounded using Guid(6ce338854cf02554cb0372ad09e403b5) Importer(815301076,1909f56bfc062723c751e8b465ee728b)  -> (artifact id: '857ad092b2aec5762068ef7c023f83fd') in 0.005624 seconds 
  Import took 0.010442 seconds .

========================================================================
Received Import Request.
  Time since last request: 157.924635 seconds.
  path: Assets/diseños/SimplePixelArtUIpack/Artwork/half_Customizible
  artifactKey: Guid(8c6e33bfafb943a4a820a1c4a51108bd) Importer(815301076,1909f56bfc062723c751e8b465ee728b)
Start importing Assets/diseños/SimplePixelArtUIpack/Artwork/half_Customizible using Guid(8c6e33bfafb943a4a820a1c4a51108bd) Importer(815301076,1909f56bfc062723c751e8b465ee728b)  -> (artifact id: '0890088e908ac07aea0ef895cd31682f') in 0.007182 seconds 
  Import took 0.010055 seconds .

========================================================================
Received Import Request.
  Time since last request: 1.239459 seconds.
  path: Assets/diseños/SimplePixelArtUIpack/Artwork/half_Customizible/square
  artifactKey: Guid(894568623859afd4b8ba3adc07de786d) Importer(815301076,1909f56bfc062723c751e8b465ee728b)
Start importing Assets/diseños/SimplePixelArtUIpack/Artwork/half_Customizible/square using Guid(894568623859afd4b8ba3adc07de786d) Importer(815301076,1909f56bfc062723c751e8b465ee728b)  -> (artifact id: '9ad4b7a58e89b6cb91e9892c99682568') in 0.004394 seconds 
  Import took 0.007147 seconds .

========================================================================
Received Import Request.
  Time since last request: 0.055298 seconds.
  path: Assets/diseños/SimplePixelArtUIpack/Artwork/half_Customizible/square/background.png
  artifactKey: Guid(2d9e4b7b4408bc74895870ec65efc167) Importer(815301076,1909f56bfc062723c751e8b465ee728b)
Start importing Assets/diseños/SimplePixelArtUIpack/Artwork/half_Customizible/square/background.png using Guid(2d9e4b7b4408bc74895870ec65efc167) Importer(815301076,1909f56bfc062723c751e8b465ee728b)  -> (artifact id: 'd034ee7db309758f2b13c6eb9b95697f') in 0.017854 seconds 
  Import took 0.020603 seconds .

========================================================================
Received Import Request.
  Time since last request: 0.000373 seconds.
  path: Assets/diseños/SimplePixelArtUIpack/Artwork/half_Customizible/square/InputField.png
  artifactKey: Guid(1cba10d4b0f9e0c429b69144b5aa75a4) Importer(815301076,1909f56bfc062723c751e8b465ee728b)
Start importing Assets/diseños/SimplePixelArtUIpack/Artwork/half_Customizible/square/InputField.png using Guid(1cba10d4b0f9e0c429b69144b5aa75a4) Importer(815301076,1909f56bfc062723c751e8b465ee728b)  -> (artifact id: 'ca4f5d6ea0a94200f220951e990edccf') in 0.017367 seconds 
  Import took 0.020327 seconds .

========================================================================
Received Import Request.
  Time since last request: 0.000321 seconds.
  path: Assets/diseños/SimplePixelArtUIpack/Artwork/half_Customizible/square/slot3D.png
  artifactKey: Guid(3e33db426dfa5414ba775f6555b0cf7e) Importer(815301076,1909f56bfc062723c751e8b465ee728b)
Start importing Assets/diseños/SimplePixelArtUIpack/Artwork/half_Customizible/square/slot3D.png using Guid(3e33db426dfa5414ba775f6555b0cf7e) Importer(815301076,1909f56bfc062723c751e8b465ee728b)  -> (artifact id: 'd856f8ce06c3c3808b08edb6db1faf48') in 0.012752 seconds 
  Import took 0.015931 seconds .

========================================================================
Received Import Request.
  Time since last request: 0.000434 seconds.
  path: Assets/diseños/SimplePixelArtUIpack/Artwork/half_Customizible/square/border.png
  artifactKey: Guid(a671ec450bc81a9469fefa07c2cde6a2) Importer(815301076,1909f56bfc062723c751e8b465ee728b)
Start importing Assets/diseños/SimplePixelArtUIpack/Artwork/half_Customizible/square/border.png using Guid(a671ec450bc81a9469fefa07c2cde6a2) Importer(815301076,1909f56bfc062723c751e8b465ee728b)  -> (artifact id: '066fa909800de588123d9923a22a6e64') in 0.015278 seconds 
  Import took 0.018076 seconds .

========================================================================
Received Import Request.
  Time since last request: 0.000350 seconds.
  path: Assets/diseños/SimplePixelArtUIpack/Artwork/half_Customizible/square/slot.png
  artifactKey: Guid(836e394e4a96760478d745ddb39d2b18) Importer(815301076,1909f56bfc062723c751e8b465ee728b)
Start importing Assets/diseños/SimplePixelArtUIpack/Artwork/half_Customizible/square/slot.png using Guid(836e394e4a96760478d745ddb39d2b18) Importer(815301076,1909f56bfc062723c751e8b465ee728b)  -> (artifact id: '0f2cbc4da13d9e017bc1dab6a5bbe340') in 0.017821 seconds 
  Import took 0.020468 seconds .

========================================================================
Received Import Request.
  Time since last request: 0.000351 seconds.
  path: Assets/diseños/SimplePixelArtUIpack/Artwork/half_Customizible/square/bar_vertical.png
  artifactKey: Guid(8bcae0aab6fb03d4cb689def8e17e41d) Importer(815301076,1909f56bfc062723c751e8b465ee728b)
Start importing Assets/diseños/SimplePixelArtUIpack/Artwork/half_Customizible/square/bar_vertical.png using Guid(8bcae0aab6fb03d4cb689def8e17e41d) Importer(815301076,1909f56bfc062723c751e8b465ee728b)  -> (artifact id: 'a5dce5b9746a111560a22faa0255cc4e') in 0.012685 seconds 
  Import took 0.015315 seconds .

========================================================================
Received Import Request.
  Time since last request: 0.000358 seconds.
  path: Assets/diseños/SimplePixelArtUIpack/Artwork/half_Customizible/square/bar_horizontal.png
  artifactKey: Guid(b97e4855035ea374ebb2dbd6f7c6e345) Importer(815301076,1909f56bfc062723c751e8b465ee728b)
Start importing Assets/diseños/SimplePixelArtUIpack/Artwork/half_Customizible/square/bar_horizontal.png using Guid(b97e4855035ea374ebb2dbd6f7c6e345) Importer(815301076,1909f56bfc062723c751e8b465ee728b)  -> (artifact id: 'd2a641dae425edb459452b5d956465ae') in 0.014213 seconds 
  Import took 0.017068 seconds .

========================================================================
Received Import Request.
  Time since last request: 3.565616 seconds.
  path: Assets/diseños/SimplePixelArtUIpack/Artwork/half_Customizible/square/Slider
  artifactKey: Guid(030e3aa88d44e624ab122d6a48aaa3e0) Importer(815301076,1909f56bfc062723c751e8b465ee728b)
Start importing Assets/diseños/SimplePixelArtUIpack/Artwork/half_Customizible/square/Slider using Guid(030e3aa88d44e624ab122d6a48aaa3e0) Importer(815301076,1909f56bfc062723c751e8b465ee728b)  -> (artifact id: 'f07ca8e38176db1c2766f3ed827d9191') in 0.004468 seconds 
  Import took 0.007316 seconds .

========================================================================
Received Import Request.
  Time since last request: 0.065314 seconds.
  path: Assets/diseños/SimplePixelArtUIpack/Artwork/half_Customizible/square/Slider/background_horizontal.png
  artifactKey: Guid(08bdf74c4232d5a49900765e04790136) Importer(815301076,1909f56bfc062723c751e8b465ee728b)
Start importing Assets/diseños/SimplePixelArtUIpack/Artwork/half_Customizible/square/Slider/background_horizontal.png using Guid(08bdf74c4232d5a49900765e04790136) Importer(815301076,1909f56bfc062723c751e8b465ee728b)  -> (artifact id: 'f20c7b9bd6b027e15a44d649e457ce48') in 0.013354 seconds 
  Import took 0.016184 seconds .

========================================================================
Received Import Request.
  Time since last request: 0.000328 seconds.
  path: Assets/diseños/SimplePixelArtUIpack/Artwork/half_Customizible/square/Slider/filled_horizontal.png
  artifactKey: Guid(b6fcc71d2fe6af64fa52a5cb323b5364) Importer(815301076,1909f56bfc062723c751e8b465ee728b)
Start importing Assets/diseños/SimplePixelArtUIpack/Artwork/half_Customizible/square/Slider/filled_horizontal.png using Guid(b6fcc71d2fe6af64fa52a5cb323b5364) Importer(815301076,1909f56bfc062723c751e8b465ee728b)  -> (artifact id: '8376118eda604a43c9b3e868e09dde43') in 0.014115 seconds 
  Import took 0.016772 seconds .

========================================================================
Received Import Request.
  Time since last request: 0.000362 seconds.
  path: Assets/diseños/SimplePixelArtUIpack/Artwork/half_Customizible/square/Slider/filled_vertical.png
  artifactKey: Guid(48768035f09ecf845b07c75e191a142c) Importer(815301076,1909f56bfc062723c751e8b465ee728b)
Start importing Assets/diseños/SimplePixelArtUIpack/Artwork/half_Customizible/square/Slider/filled_vertical.png using Guid(48768035f09ecf845b07c75e191a142c) Importer(815301076,1909f56bfc062723c751e8b465ee728b)  -> (artifact id: 'e012a2ff43ae93c432e8140b83c481cb') in 0.019412 seconds 
  Import took 0.022472 seconds .

========================================================================
Received Import Request.
  Time since last request: 0.000340 seconds.
  path: Assets/diseños/SimplePixelArtUIpack/Artwork/half_Customizible/square/Slider/handle.png
  artifactKey: Guid(fee7a2555eb09f94896c35ad9768711b) Importer(815301076,1909f56bfc062723c751e8b465ee728b)
Start importing Assets/diseños/SimplePixelArtUIpack/Artwork/half_Customizible/square/Slider/handle.png using Guid(fee7a2555eb09f94896c35ad9768711b) Importer(815301076,1909f56bfc062723c751e8b465ee728b)  -> (artifact id: 'a1737180f892364543f9e6a360882bd1') in 0.016920 seconds 
  Import took 0.019986 seconds .

========================================================================
Received Import Request.
  Time since last request: 0.000377 seconds.
  path: Assets/diseños/SimplePixelArtUIpack/Artwork/half_Customizible/square/Slider/background_vertical.png
  artifactKey: Guid(13e8a728dcf16f74bbf14a9da8bb7f54) Importer(815301076,1909f56bfc062723c751e8b465ee728b)
Start importing Assets/diseños/SimplePixelArtUIpack/Artwork/half_Customizible/square/Slider/background_vertical.png using Guid(13e8a728dcf16f74bbf14a9da8bb7f54) Importer(815301076,1909f56bfc062723c751e8b465ee728b)  -> (artifact id: '35240e7c03ee67e3b773e38562c4c976') in 0.014481 seconds 
  Import took 0.017366 seconds .

========================================================================
Received Import Request.
  Time since last request: 0.004127 seconds.
  path: Assets/diseños/SimplePixelArtUIpack/Artwork/half_Customizible/square/Slider/background_vertical.png
  artifactKey: Guid(13e8a728dcf16f74bbf14a9da8bb7f54) Importer(815301076,1909f56bfc062723c751e8b465ee728b)
Start importing Assets/diseños/SimplePixelArtUIpack/Artwork/half_Customizible/square/Slider/background_vertical.png using Guid(13e8a728dcf16f74bbf14a9da8bb7f54) Importer(815301076,1909f56bfc062723c751e8b465ee728b)  -> (artifact id: '35240e7c03ee67e3b773e38562c4c976') in 0.012007 seconds 
  Import took 0.015141 seconds .

========================================================================
Received Import Request.
  Time since last request: 65.041153 seconds.
  path: Assets/diseños/SimplePixelArtUIpack/Artwork/half_Customizible/square/Slider/filled_horizontal.png
  artifactKey: Guid(b6fcc71d2fe6af64fa52a5cb323b5364) Importer(815301076,1909f56bfc062723c751e8b465ee728b)
Start importing Assets/diseños/SimplePixelArtUIpack/Artwork/half_Customizible/square/Slider/filled_horizontal.png using Guid(b6fcc71d2fe6af64fa52a5cb323b5364) Importer(815301076,1909f56bfc062723c751e8b465ee728b)  -> (artifact id: '5708d1a77320f28911154dede45468e4') in 0.014806 seconds 
  Import took 0.017987 seconds .

========================================================================
Received Import Request.
  Time since last request: 5.946046 seconds.
  path: Assets/diseños/SimplePixelArtUIpack/Artwork/half_Customizible/square/Slider/background_horizontal.png
  artifactKey: Guid(08bdf74c4232d5a49900765e04790136) Importer(815301076,1909f56bfc062723c751e8b465ee728b)
Start importing Assets/diseños/SimplePixelArtUIpack/Artwork/half_Customizible/square/Slider/background_horizontal.png using Guid(08bdf74c4232d5a49900765e04790136) Importer(815301076,1909f56bfc062723c751e8b465ee728b)  -> (artifact id: 'a9cec2ebb64abb85b78c8aae46ae610a') in 0.010326 seconds 
  Import took 0.013364 seconds .

========================================================================
Received Import Request.
  Time since last request: 3.934388 seconds.
  path: Assets/diseños/SimplePixelArtUIpack/Artwork/half_Customizible/square/Slider/handle.png
  artifactKey: Guid(fee7a2555eb09f94896c35ad9768711b) Importer(815301076,1909f56bfc062723c751e8b465ee728b)
Start importing Assets/diseños/SimplePixelArtUIpack/Artwork/half_Customizible/square/Slider/handle.png using Guid(fee7a2555eb09f94896c35ad9768711b) Importer(815301076,1909f56bfc062723c751e8b465ee728b)  -> (artifact id: '18f0d49790edd4acec7cac49e033894c') in 0.009811 seconds 
  Import took 0.012795 seconds .

========================================================================
Received Import Request.
  Time since last request: 6.223509 seconds.
  path: Assets/diseños/SimplePixelArtUIpack/Artwork/half_Customizible/square/slider2/background_horizontal.png
  artifactKey: Guid(5230cc617f4f6944d89a502d5ef7d57d) Importer(815301076,1909f56bfc062723c751e8b465ee728b)
Start importing Assets/diseños/SimplePixelArtUIpack/Artwork/half_Customizible/square/slider2/background_horizontal.png using Guid(5230cc617f4f6944d89a502d5ef7d57d) Importer(815301076,1909f56bfc062723c751e8b465ee728b)  -> (artifact id: '0d9756c781bdaecb059f1172ab76ac1e') in 0.010967 seconds 
  Import took 0.013740 seconds .

========================================================================
Received Import Request.
  Time since last request: 0.000326 seconds.
  path: Assets/diseños/SimplePixelArtUIpack/Artwork/half_Customizible/square/slider2/filled_vertical.png
  artifactKey: Guid(b3aa0dfc95af3ff44b3b1d14f0c2486c) Importer(815301076,1909f56bfc062723c751e8b465ee728b)
Start importing Assets/diseños/SimplePixelArtUIpack/Artwork/half_Customizible/square/slider2/filled_vertical.png using Guid(b3aa0dfc95af3ff44b3b1d14f0c2486c) Importer(815301076,1909f56bfc062723c751e8b465ee728b)  -> (artifact id: '6ba5205fa2583c4e30b22738b991df5b') in 0.013898 seconds 
  Import took 0.016878 seconds .

========================================================================
Received Import Request.
  Time since last request: 0.000346 seconds.
  path: Assets/diseños/SimplePixelArtUIpack/Artwork/half_Customizible/square/slider2/handle_vertical.png
  artifactKey: Guid(e96217874ee181643a9df36abd9d80d6) Importer(815301076,1909f56bfc062723c751e8b465ee728b)
Start importing Assets/diseños/SimplePixelArtUIpack/Artwork/half_Customizible/square/slider2/handle_vertical.png using Guid(e96217874ee181643a9df36abd9d80d6) Importer(815301076,1909f56bfc062723c751e8b465ee728b)  -> (artifact id: '6cfe8fe01ea3cf7dc8d79d81157323f8') in 0.014927 seconds 
  Import took 0.017834 seconds .

========================================================================
Received Import Request.
  Time since last request: 0.000342 seconds.
  path: Assets/diseños/SimplePixelArtUIpack/Artwork/half_Customizible/square/slider2/background_vertical.png
  artifactKey: Guid(7101ee431281c294d87b60109f84e321) Importer(815301076,1909f56bfc062723c751e8b465ee728b)
Start importing Assets/diseños/SimplePixelArtUIpack/Artwork/half_Customizible/square/slider2/background_vertical.png using Guid(7101ee431281c294d87b60109f84e321) Importer(815301076,1909f56bfc062723c751e8b465ee728b)  -> (artifact id: '54358e626e6fa4a635f364d1fb0b9b5d') in 0.020431 seconds 
  Import took 0.023637 seconds .

========================================================================
Received Import Request.
  Time since last request: 0.000351 seconds.
  path: Assets/diseños/SimplePixelArtUIpack/Artwork/half_Customizible/square/slider2/filled_horizontal.png
  artifactKey: Guid(7d712fe506ba3754f8a068d08bf5f76c) Importer(815301076,1909f56bfc062723c751e8b465ee728b)
Start importing Assets/diseños/SimplePixelArtUIpack/Artwork/half_Customizible/square/slider2/filled_horizontal.png using Guid(7d712fe506ba3754f8a068d08bf5f76c) Importer(815301076,1909f56bfc062723c751e8b465ee728b)  -> (artifact id: 'fbd1e8c7fecf7c95b02d3c981bfea196') in 0.012331 seconds 
  Import took 0.015060 seconds .

========================================================================
Received Import Request.
  Time since last request: 0.000349 seconds.
  path: Assets/diseños/SimplePixelArtUIpack/Artwork/half_Customizible/square/slider2/handle_horizontal.png
  artifactKey: Guid(083ae5b5d6a888a43b267c2290b7cba9) Importer(815301076,1909f56bfc062723c751e8b465ee728b)
Start importing Assets/diseños/SimplePixelArtUIpack/Artwork/half_Customizible/square/slider2/handle_horizontal.png using Guid(083ae5b5d6a888a43b267c2290b7cba9) Importer(815301076,1909f56bfc062723c751e8b465ee728b)  -> (artifact id: 'ca50baf2fa214c7a4d107f1f31adb71f') in 0.016926 seconds 
  Import took 0.019699 seconds .

========================================================================
Received Import Request.
  Time since last request: 0.000313 seconds.
  path: Assets/diseños/SimplePixelArtUIpack/Artwork/half_Customizible/square/slider2/filled_horizontal.png
  artifactKey: Guid(7d712fe506ba3754f8a068d08bf5f76c) Importer(815301076,1909f56bfc062723c751e8b465ee728b)
Start importing Assets/diseños/SimplePixelArtUIpack/Artwork/half_Customizible/square/slider2/filled_horizontal.png using Guid(7d712fe506ba3754f8a068d08bf5f76c) Importer(815301076,1909f56bfc062723c751e8b465ee728b)  -> (artifact id: 'fbd1e8c7fecf7c95b02d3c981bfea196') in 0.009901 seconds 
  Import took 0.012565 seconds .

========================================================================
Received Import Request.
  Time since last request: 40.070246 seconds.
  path: Assets/diseños/SimplePixelArtUIpack/Artwork/half_Customizible/square/slider3/background_horizontal.png
  artifactKey: Guid(cca724c3fc2949440b88820851a718b3) Importer(815301076,1909f56bfc062723c751e8b465ee728b)
Start importing Assets/diseños/SimplePixelArtUIpack/Artwork/half_Customizible/square/slider3/background_horizontal.png using Guid(cca724c3fc2949440b88820851a718b3) Importer(815301076,1909f56bfc062723c751e8b465ee728b)  -> (artifact id: '6f08c44303161b94072fa6d0fc6c0fdb') in 0.013442 seconds 
  Import took 0.016327 seconds .

========================================================================
Received Import Request.
  Time since last request: 0.000344 seconds.
  path: Assets/diseños/SimplePixelArtUIpack/Artwork/half_Customizible/square/slider3/filled_horizontal.png
  artifactKey: Guid(cff53305ea5401749ba3dc4ed75fbedb) Importer(815301076,1909f56bfc062723c751e8b465ee728b)
Start importing Assets/diseños/SimplePixelArtUIpack/Artwork/half_Customizible/square/slider3/filled_horizontal.png using Guid(cff53305ea5401749ba3dc4ed75fbedb) Importer(815301076,1909f56bfc062723c751e8b465ee728b)  -> (artifact id: '6839ce62c3ef04109031ffc04f0256ca') in 0.018049 seconds 
  Import took 0.020609 seconds .

========================================================================
Received Import Request.
  Time since last request: 0.000328 seconds.
  path: Assets/diseños/SimplePixelArtUIpack/Artwork/half_Customizible/square/slider3/Background_vertical.png
  artifactKey: Guid(fd87d365398498f43ad29b2340d42561) Importer(815301076,1909f56bfc062723c751e8b465ee728b)
Start importing Assets/diseños/SimplePixelArtUIpack/Artwork/half_Customizible/square/slider3/Background_vertical.png using Guid(fd87d365398498f43ad29b2340d42561) Importer(815301076,1909f56bfc062723c751e8b465ee728b)  -> (artifact id: 'fcaf3169997d11b1800a6389befb2c71') in 0.017501 seconds 
  Import took 0.019996 seconds .

========================================================================
Received Import Request.
  Time since last request: 0.000348 seconds.
  path: Assets/diseños/SimplePixelArtUIpack/Artwork/half_Customizible/square/slider3/filled_vertical.png
  artifactKey: Guid(c71695d78afacb64ba4a431e49c768fd) Importer(815301076,1909f56bfc062723c751e8b465ee728b)
Start importing Assets/diseños/SimplePixelArtUIpack/Artwork/half_Customizible/square/slider3/filled_vertical.png using Guid(c71695d78afacb64ba4a431e49c768fd) Importer(815301076,1909f56bfc062723c751e8b465ee728b)  -> (artifact id: 'b00ceaaed802881143d27bac12e49cae') in 0.012846 seconds 
  Import took 0.015575 seconds .

========================================================================
Received Import Request.
  Time since last request: 0.000396 seconds.
  path: Assets/diseños/SimplePixelArtUIpack/Artwork/half_Customizible/square/slider3/handle.png
  artifactKey: Guid(4e8964039bc54d048a3b666842461efa) Importer(815301076,1909f56bfc062723c751e8b465ee728b)
Start importing Assets/diseños/SimplePixelArtUIpack/Artwork/half_Customizible/square/slider3/handle.png using Guid(4e8964039bc54d048a3b666842461efa) Importer(815301076,1909f56bfc062723c751e8b465ee728b)  -> (artifact id: '4b0593cae2dc67df485599d27de3cc1b') in 0.012929 seconds 
  Import took 0.015908 seconds .

========================================================================
Received Import Request.
  Time since last request: 0.000388 seconds.
  path: Assets/diseños/SimplePixelArtUIpack/Artwork/half_Customizible/square/slider3/filled_vertical.png
  artifactKey: Guid(c71695d78afacb64ba4a431e49c768fd) Importer(815301076,1909f56bfc062723c751e8b465ee728b)
Start importing Assets/diseños/SimplePixelArtUIpack/Artwork/half_Customizible/square/slider3/filled_vertical.png using Guid(c71695d78afacb64ba4a431e49c768fd) Importer(815301076,1909f56bfc062723c751e8b465ee728b)  -> (artifact id: 'b00ceaaed802881143d27bac12e49cae') in 0.009874 seconds 
  Import took 0.012785 seconds .

========================================================================
Received Import Request.
  Time since last request: 0.000418 seconds.
  path: Assets/diseños/SimplePixelArtUIpack/Artwork/half_Customizible/square/slider3/handle.png
  artifactKey: Guid(4e8964039bc54d048a3b666842461efa) Importer(815301076,1909f56bfc062723c751e8b465ee728b)
Start importing Assets/diseños/SimplePixelArtUIpack/Artwork/half_Customizible/square/slider3/handle.png using Guid(4e8964039bc54d048a3b666842461efa) Importer(815301076,1909f56bfc062723c751e8b465ee728b)  -> (artifact id: '4b0593cae2dc67df485599d27de3cc1b') in 0.014620 seconds 
  Import took 0.018819 seconds .

========================================================================
Received Import Request.
  Time since last request: 19.688705 seconds.
  path: Assets/diseños/SimplePixelArtUIpack/Artwork/half_Customizible/square/slider2/background_horizontal.png
  artifactKey: Guid(5230cc617f4f6944d89a502d5ef7d57d) Importer(815301076,1909f56bfc062723c751e8b465ee728b)
Start importing Assets/diseños/SimplePixelArtUIpack/Artwork/half_Customizible/square/slider2/background_horizontal.png using Guid(5230cc617f4f6944d89a502d5ef7d57d) Importer(815301076,1909f56bfc062723c751e8b465ee728b)  -> (artifact id: '1d1f6116552044f839fca0cd15b980d6') in 0.017080 seconds 
  Import took 0.020285 seconds .

========================================================================
Received Import Request.
  Time since last request: 3.112361 seconds.
  path: Assets/diseños/SimplePixelArtUIpack/Artwork/half_Customizible/square/slider2/filled_horizontal.png
  artifactKey: Guid(7d712fe506ba3754f8a068d08bf5f76c) Importer(815301076,1909f56bfc062723c751e8b465ee728b)
Start importing Assets/diseños/SimplePixelArtUIpack/Artwork/half_Customizible/square/slider2/filled_horizontal.png using Guid(7d712fe506ba3754f8a068d08bf5f76c) Importer(815301076,1909f56bfc062723c751e8b465ee728b)  -> (artifact id: '29f5f88e614a7e2c2fde8669cc2cb1a3') in 0.015956 seconds 
  Import took 0.018748 seconds .

========================================================================
Received Import Request.
  Time since last request: 8.047299 seconds.
  path: Assets/diseños/SimplePixelArtUIpack/Artwork/half_Customizible/square/slider2/handle_horizontal.png
  artifactKey: Guid(083ae5b5d6a888a43b267c2290b7cba9) Importer(815301076,1909f56bfc062723c751e8b465ee728b)
Start importing Assets/diseños/SimplePixelArtUIpack/Artwork/half_Customizible/square/slider2/handle_horizontal.png using Guid(083ae5b5d6a888a43b267c2290b7cba9) Importer(815301076,1909f56bfc062723c751e8b465ee728b)  -> (artifact id: '35a0b9d695704e9334d56fd202120e56') in 0.014660 seconds 
  Import took 0.017635 seconds .

========================================================================
Received Import Request.
  Time since last request: 6.141544 seconds.
  path: Assets/diseños/SimplePixelArtUIpack/Artwork/half_Customizible/square/slider2/handle_horizontal.png
  artifactKey: Guid(083ae5b5d6a888a43b267c2290b7cba9) Importer(815301076,1909f56bfc062723c751e8b465ee728b)
Start importing Assets/diseños/SimplePixelArtUIpack/Artwork/half_Customizible/square/slider2/handle_horizontal.png using Guid(083ae5b5d6a888a43b267c2290b7cba9) Importer(815301076,1909f56bfc062723c751e8b465ee728b)  -> (artifact id: '77440f0101be847132b6b2cdca5d2c29') in 0.009839 seconds 
  Import took 0.013124 seconds .

========================================================================
Received Import Request.
  Time since last request: 4.448657 seconds.
  path: Assets/diseños/SimplePixelArtUIpack/Artwork/half_Customizible/square/slider2/handle_vertical.png
  artifactKey: Guid(e96217874ee181643a9df36abd9d80d6) Importer(815301076,1909f56bfc062723c751e8b465ee728b)
Start importing Assets/diseños/SimplePixelArtUIpack/Artwork/half_Customizible/square/slider2/handle_vertical.png using Guid(e96217874ee181643a9df36abd9d80d6) Importer(815301076,1909f56bfc062723c751e8b465ee728b)  -> (artifact id: 'f4af24b4373d34845e2ccee0034bc7f4') in 0.009607 seconds 
  Import took 0.012619 seconds .

========================================================================
Received Import Request.
  Time since last request: 14.783324 seconds.
  path: Assets/diseños/SimplePixelArtUIpack/Artwork/half_Customizible/square/slider2/filled_vertical.png
  artifactKey: Guid(b3aa0dfc95af3ff44b3b1d14f0c2486c) Importer(815301076,1909f56bfc062723c751e8b465ee728b)
Start importing Assets/diseños/SimplePixelArtUIpack/Artwork/half_Customizible/square/slider2/filled_vertical.png using Guid(b3aa0dfc95af3ff44b3b1d14f0c2486c) Importer(815301076,1909f56bfc062723c751e8b465ee728b)  -> (artifact id: 'd24628fa296e015bab08811cec608047') in 0.018100 seconds 
  Import took 0.021293 seconds .

========================================================================
Received Import Request.
  Time since last request: 4.156128 seconds.
  path: Assets/diseños/SimplePixelArtUIpack/Artwork/half_Customizible/square/slider2/background_vertical.png
  artifactKey: Guid(7101ee431281c294d87b60109f84e321) Importer(815301076,1909f56bfc062723c751e8b465ee728b)
Start importing Assets/diseños/SimplePixelArtUIpack/Artwork/half_Customizible/square/slider2/background_vertical.png using Guid(7101ee431281c294d87b60109f84e321) Importer(815301076,1909f56bfc062723c751e8b465ee728b)  -> (artifact id: '097a2b845127fc4b87f272d6ea77eb33') in 0.014245 seconds 
  Import took 0.017077 seconds .

========================================================================
Received Import Request.
  Time since last request: 25.044268 seconds.
  path: Assets/diseños/SimplePixelArtUIpack/Artwork/half_Customizible/square/Slider/background_vertical.png
  artifactKey: Guid(13e8a728dcf16f74bbf14a9da8bb7f54) Importer(815301076,1909f56bfc062723c751e8b465ee728b)
Start importing Assets/diseños/SimplePixelArtUIpack/Artwork/half_Customizible/square/Slider/background_vertical.png using Guid(13e8a728dcf16f74bbf14a9da8bb7f54) Importer(815301076,1909f56bfc062723c751e8b465ee728b)  -> (artifact id: '86dd1cd2aaa97edc4d34493ecd3b71ea') in 0.013385 seconds 
  Import took 0.016241 seconds .

========================================================================
Received Import Request.
  Time since last request: 3.959758 seconds.
  path: Assets/diseños/SimplePixelArtUIpack/Artwork/half_Customizible/square/Slider/filled_vertical.png
  artifactKey: Guid(48768035f09ecf845b07c75e191a142c) Importer(815301076,1909f56bfc062723c751e8b465ee728b)
Start importing Assets/diseños/SimplePixelArtUIpack/Artwork/half_Customizible/square/Slider/filled_vertical.png using Guid(48768035f09ecf845b07c75e191a142c) Importer(815301076,1909f56bfc062723c751e8b465ee728b)  -> (artifact id: '928b35abc2f28e6a4f9f9c2522197440') in 0.009930 seconds 
  Import took 0.013055 seconds .

========================================================================
Received Import Request.
  Time since last request: 8.967192 seconds.
  path: Assets/diseños/SimplePixelArtUIpack/Artwork/half_Customizible/square/slider3/background_horizontal.png
  artifactKey: Guid(cca724c3fc2949440b88820851a718b3) Importer(815301076,1909f56bfc062723c751e8b465ee728b)
Start importing Assets/diseños/SimplePixelArtUIpack/Artwork/half_Customizible/square/slider3/background_horizontal.png using Guid(cca724c3fc2949440b88820851a718b3) Importer(815301076,1909f56bfc062723c751e8b465ee728b)  -> (artifact id: '7111d6d0e70fbd0e68527a44905b5c4c') in 0.014678 seconds 
  Import took 0.017469 seconds .

========================================================================
Received Import Request.
  Time since last request: 5.560637 seconds.
  path: Assets/diseños/SimplePixelArtUIpack/Artwork/half_Customizible/square/slider3/Background_vertical.png
  artifactKey: Guid(fd87d365398498f43ad29b2340d42561) Importer(815301076,1909f56bfc062723c751e8b465ee728b)
Start importing Assets/diseños/SimplePixelArtUIpack/Artwork/half_Customizible/square/slider3/Background_vertical.png using Guid(fd87d365398498f43ad29b2340d42561) Importer(815301076,1909f56bfc062723c751e8b465ee728b)  -> (artifact id: 'f20b07887d64dfd35ccba63cb8ae72a5') in 0.010583 seconds 
  Import took 0.013479 seconds .

========================================================================
Received Import Request.
  Time since last request: 3.830969 seconds.
  path: Assets/diseños/SimplePixelArtUIpack/Artwork/half_Customizible/square/slider3/filled_horizontal.png
  artifactKey: Guid(cff53305ea5401749ba3dc4ed75fbedb) Importer(815301076,1909f56bfc062723c751e8b465ee728b)
Start importing Assets/diseños/SimplePixelArtUIpack/Artwork/half_Customizible/square/slider3/filled_horizontal.png using Guid(cff53305ea5401749ba3dc4ed75fbedb) Importer(815301076,1909f56bfc062723c751e8b465ee728b)  -> (artifact id: '730286ec0ebabce9729d0f277e5cfd71') in 0.015104 seconds 
  Import took 0.017834 seconds .

========================================================================
Received Import Request.
  Time since last request: 3.346766 seconds.
  path: Assets/diseños/SimplePixelArtUIpack/Artwork/half_Customizible/square/slider3/filled_vertical.png
  artifactKey: Guid(c71695d78afacb64ba4a431e49c768fd) Importer(815301076,1909f56bfc062723c751e8b465ee728b)
Start importing Assets/diseños/SimplePixelArtUIpack/Artwork/half_Customizible/square/slider3/filled_vertical.png using Guid(c71695d78afacb64ba4a431e49c768fd) Importer(815301076,1909f56bfc062723c751e8b465ee728b)  -> (artifact id: '12b6be80f33090546b8b8de1a18fc84b') in 0.009895 seconds 
  Import took 0.012985 seconds .

========================================================================
Received Import Request.
  Time since last request: 4.706483 seconds.
  path: Assets/diseños/SimplePixelArtUIpack/Artwork/half_Customizible/square/slider3/handle.png
  artifactKey: Guid(4e8964039bc54d048a3b666842461efa) Importer(815301076,1909f56bfc062723c751e8b465ee728b)
Start importing Assets/diseños/SimplePixelArtUIpack/Artwork/half_Customizible/square/slider3/handle.png using Guid(4e8964039bc54d048a3b666842461efa) Importer(815301076,1909f56bfc062723c751e8b465ee728b)  -> (artifact id: 'e24f9c2567606be97e99519bbf4275e6') in 0.014442 seconds 
  Import took 0.017184 seconds .

========================================================================
Received Prepare
Registering precompiled user dll's ...
Registered in 0.006605 seconds.
Begin MonoManager ReloadAssembly
Native extension for WindowsStandalone target not found
Refreshing native plugins compatible for Editor in 0.41 ms, found 3 plugins.
Preloading 0 native plugins for Editor in 0.00 ms.
Mono: successfully reloaded assembly
- Completed reload, in  1.191 seconds
Domain Reload Profiling:
	ReloadAssembly (1192ms)
		BeginReloadAssembly (352ms)
			ExecutionOrderSort (0ms)
			DisableScriptedObjects (5ms)
			BackupInstance (0ms)
			ReleaseScriptingObjects (0ms)
			CreateAndSetChildDomain (32ms)
		EndReloadAssembly (781ms)
			LoadAssemblies (347ms)
			RebuildTransferFunctionScriptingTraits (0ms)
			SetupTypeCache (294ms)
			ReleaseScriptCaches (1ms)
			RebuildScriptCaches (36ms)
			SetupLoadedEditorAssemblies (263ms)
				LogAssemblyErrors (0ms)
				InitializePlatformSupportModulesInManaged (5ms)
				SetLoadedEditorAssemblies (0ms)
				RefreshPlugins (0ms)
				BeforeProcessingInitializeOnLoad (71ms)
				ProcessInitializeOnLoadAttributes (175ms)
				ProcessInitializeOnLoadMethodAttributes (6ms)
				AfterProcessingInitializeOnLoad (7ms)
				EditorAssembliesLoaded (0ms)
			ExecutionOrderSort2 (0ms)
			AwakeInstancesAfterBackupRestoration (10ms)
Platform modules already initialized, skipping
Refreshing native plugins compatible for Editor in 0.72 ms, found 3 plugins.
Preloading 0 native plugins for Editor in 0.00 ms.
Unloading 2085 Unused Serialized files (Serialized files now loaded: 0)
System memory in use before: 96.6 MB.
System memory in use after: 96.7 MB.

Unloading 14 unused Assets to reduce memory usage. Loaded Objects now: 2611.
Total: 3.620600 ms (FindLiveObjects: 0.193500 ms CreateObjectMapping: 0.083500 ms MarkObjects: 3.299800 ms  DeleteObjects: 0.042600 ms)

AssetImportParameters requested are different than current active one (requested -> active):
  custom:framework-win-MediaFoundation: 216162199b28c13a410421893ffa2e32 -> 
  custom:video-decoder-ogg-theora: a1e56fd34408186e4bbccfd4996cb3dc -> 
  custom:container-muxer-webm: aa71ff27fc2769a1b78a27578f13a17b -> 
  custom:container-demuxer-webm: 4f35f7cbe854078d1ac9338744f61a02 -> 
  custom:container-demuxer-ogg: 62fdf1f143b41e24485cea50d1cbac27 -> 
  custom:video-encoder-webm-vp8: eb34c28f22e8b96e1ab97ce403110664 -> 
  custom:video-decoder-webm-vp8: 9c59270c3fd7afecdb556c50c9e8de78 -> 
  custom:audio-decoder-ogg-vorbis: bf7c407c2cedff20999df2af8eb42d56 -> 
  custom:audio-encoder-webm-vorbis: bf7c407c2cedff20999df2af8eb42d56 -> 
========================================================================
Received Prepare
Registering precompiled user dll's ...
Registered in 0.006801 seconds.
Begin MonoManager ReloadAssembly
Native extension for WindowsStandalone target not found
Refreshing native plugins compatible for Editor in 0.39 ms, found 3 plugins.
Preloading 0 native plugins for Editor in 0.00 ms.
Mono: successfully reloaded assembly
- Completed reload, in  1.085 seconds
Domain Reload Profiling:
	ReloadAssembly (1085ms)
		BeginReloadAssembly (312ms)
			ExecutionOrderSort (0ms)
			DisableScriptedObjects (5ms)
			BackupInstance (0ms)
			ReleaseScriptingObjects (0ms)
			CreateAndSetChildDomain (31ms)
		EndReloadAssembly (719ms)
			LoadAssemblies (298ms)
			RebuildTransferFunctionScriptingTraits (0ms)
			SetupTypeCache (264ms)
			ReleaseScriptCaches (1ms)
			RebuildScriptCaches (35ms)
			SetupLoadedEditorAssemblies (245ms)
				LogAssemblyErrors (0ms)
				InitializePlatformSupportModulesInManaged (4ms)
				SetLoadedEditorAssemblies (0ms)
				RefreshPlugins (0ms)
				BeforeProcessingInitializeOnLoad (64ms)
				ProcessInitializeOnLoadAttributes (165ms)
				ProcessInitializeOnLoadMethodAttributes (5ms)
				AfterProcessingInitializeOnLoad (7ms)
				EditorAssembliesLoaded (0ms)
			ExecutionOrderSort2 (0ms)
			AwakeInstancesAfterBackupRestoration (8ms)
Platform modules already initialized, skipping
Refreshing native plugins compatible for Editor in 0.39 ms, found 3 plugins.
Preloading 0 native plugins for Editor in 0.00 ms.
Unloading 2085 Unused Serialized files (Serialized files now loaded: 0)
System memory in use before: 96.7 MB.
System memory in use after: 96.8 MB.

Unloading 14 unused Assets to reduce memory usage. Loaded Objects now: 2614.
Total: 2.648300 ms (FindLiveObjects: 0.145700 ms CreateObjectMapping: 0.056300 ms MarkObjects: 2.432600 ms  DeleteObjects: 0.012800 ms)

AssetImportParameters requested are different than current active one (requested -> active):
  custom:framework-win-MediaFoundation: 216162199b28c13a410421893ffa2e32 -> 
  custom:video-decoder-ogg-theora: a1e56fd34408186e4bbccfd4996cb3dc -> 
  custom:container-muxer-webm: aa71ff27fc2769a1b78a27578f13a17b -> 
  custom:container-demuxer-webm: 4f35f7cbe854078d1ac9338744f61a02 -> 
  custom:container-demuxer-ogg: 62fdf1f143b41e24485cea50d1cbac27 -> 
  custom:video-encoder-webm-vp8: eb34c28f22e8b96e1ab97ce403110664 -> 
  custom:video-decoder-webm-vp8: 9c59270c3fd7afecdb556c50c9e8de78 -> 
  custom:audio-decoder-ogg-vorbis: bf7c407c2cedff20999df2af8eb42d56 -> 
  custom:audio-encoder-webm-vorbis: bf7c407c2cedff20999df2af8eb42d56 -> 
========================================================================
Received Import Request.
  Time since last request: 2047.510251 seconds.
  path: Assets/prefabs/Characters (5)_9.prefab
  artifactKey: Guid(439df8b5079c38b488501405946a3fb4) Importer(815301076,1909f56bfc062723c751e8b465ee728b)
Start importing Assets/prefabs/Characters (5)_9.prefab using Guid(439df8b5079c38b488501405946a3fb4) Importer(815301076,1909f56bfc062723c751e8b465ee728b)  -> (artifact id: '3c58bdca01a43f9621e0211b4576f2aa') in 0.057475 seconds 
  Import took 0.060155 seconds .

========================================================================
Received Prepare
Registering precompiled user dll's ...
Registered in 0.006669 seconds.
Begin MonoManager ReloadAssembly
Native extension for WindowsStandalone target not found
Refreshing native plugins compatible for Editor in 0.40 ms, found 3 plugins.
Preloading 0 native plugins for Editor in 0.00 ms.
Mono: successfully reloaded assembly
- Completed reload, in  1.153 seconds
Domain Reload Profiling:
	ReloadAssembly (1153ms)
		BeginReloadAssembly (316ms)
			ExecutionOrderSort (0ms)
			DisableScriptedObjects (5ms)
			BackupInstance (0ms)
			ReleaseScriptingObjects (0ms)
			CreateAndSetChildDomain (29ms)
		EndReloadAssembly (775ms)
			LoadAssemblies (328ms)
			RebuildTransferFunctionScriptingTraits (0ms)
			SetupTypeCache (287ms)
			ReleaseScriptCaches (1ms)
			RebuildScriptCaches (36ms)
			SetupLoadedEditorAssemblies (257ms)
				LogAssemblyErrors (0ms)
				InitializePlatformSupportModulesInManaged (4ms)
				SetLoadedEditorAssemblies (0ms)
				RefreshPlugins (0ms)
				BeforeProcessingInitializeOnLoad (68ms)
				ProcessInitializeOnLoadAttributes (172ms)
				ProcessInitializeOnLoadMethodAttributes (5ms)
				AfterProcessingInitializeOnLoad (7ms)
				EditorAssembliesLoaded (0ms)
			ExecutionOrderSort2 (0ms)
			AwakeInstancesAfterBackupRestoration (9ms)
Platform modules already initialized, skipping
Refreshing native plugins compatible for Editor in 0.41 ms, found 3 plugins.
Preloading 0 native plugins for Editor in 0.00 ms.
Unloading 2085 Unused Serialized files (Serialized files now loaded: 0)
System memory in use before: 96.7 MB.
System memory in use after: 96.9 MB.

Unloading 14 unused Assets to reduce memory usage. Loaded Objects now: 2622.
Total: 2.838400 ms (FindLiveObjects: 0.166900 ms CreateObjectMapping: 0.067000 ms MarkObjects: 2.589500 ms  DeleteObjects: 0.014200 ms)

AssetImportParameters requested are different than current active one (requested -> active):
  custom:framework-win-MediaFoundation: 216162199b28c13a410421893ffa2e32 -> 
  custom:video-decoder-ogg-theora: a1e56fd34408186e4bbccfd4996cb3dc -> 
  custom:container-muxer-webm: aa71ff27fc2769a1b78a27578f13a17b -> 
  custom:container-demuxer-webm: 4f35f7cbe854078d1ac9338744f61a02 -> 
  custom:container-demuxer-ogg: 62fdf1f143b41e24485cea50d1cbac27 -> 
  custom:video-encoder-webm-vp8: eb34c28f22e8b96e1ab97ce403110664 -> 
  custom:video-decoder-webm-vp8: 9c59270c3fd7afecdb556c50c9e8de78 -> 
  custom:audio-decoder-ogg-vorbis: bf7c407c2cedff20999df2af8eb42d56 -> 
  custom:audio-encoder-webm-vorbis: bf7c407c2cedff20999df2af8eb42d56 -> 
AssetImportWorkerClient::OnTransportError - code=2 error=End of file
